<?xml version="1.0" encoding="UTF-8" ?>
<testsuite tests="13" failures="0" name="CucumberJava.RunTest" time="181.859" errors="0" skipped="0">
  <properties>
[...]
</properties>
  <testcase classname="Beer cans" name="Logging" time="20.632"/>
  <testcase classname="Beer cans" name="Logging in with invalid credentials" time="19.507"/>
  <testcase classname="Beer cans" name="Logging in with invalid credentials" time="12.325"/>
  <testcase classname="Beer cans" name="Logging in with invalid credentials" time="11.498"/>
  <testcase classname="Registering a new user" name="User registers with valid data" time="9.782"/>
  <testcase classname="Registering a new user" name="User registers with valid data" time="15.385"/>
  <testcase classname="Registering a new user" name="User registers with valid data" time="11.876"/>
  <testcase classname="Registering a new user" name="User registers with valid data" time="10.781"/>
  <testcase classname="Registering a new user" name="User registers with valid data" time="12.459"/>
  <testcase classname="Registering a new user" name="User registers with valid data" time="16.829"/>
  <testcase classname="Add new item to the cart" name="Add new item to the cart" time="18.975"/>
  <testcase classname="Add new item to the cart" name="Do not buy anything" time="10.303"/>
  <testcase classname="Add new item to the cart" name="I want to delete  items" time="11.507"/>
</testsuite>